{"environment":"development","level":"info","message":"Server starting up","port":"3001","service":"ppm-server","timestamp":"2025-10-05 18:15:09"}
{"level":"info","message":"Database connection established successfully","service":"ppm-server","timestamp":"2025-10-05 18:15:09"}
{"apiDocs":"http://localhost:3001/api/docs","environment":"development","healthCheck":"http://localhost:3001/api/health","level":"info","message":"Server running successfully","port":"3001","service":"ppm-server","timestamp":"2025-10-05 18:15:09"}
{"environment":"development","level":"info","message":"Server starting up","port":"3001","service":"ppm-server","timestamp":"2025-10-05 18:47:39"}
{"level":"info","message":"Database connection established successfully","service":"ppm-server","timestamp":"2025-10-05 18:47:39"}
{"apiDocs":"http://localhost:3001/api/docs","environment":"development","healthCheck":"http://localhost:3001/api/health","level":"info","message":"Server running successfully","port":"3001","service":"ppm-server","timestamp":"2025-10-05 18:47:39"}
{"environment":"development","level":"info","message":"Server starting up","port":"3002","service":"ppm-server","timestamp":"2025-10-05 18:49:42"}
{"level":"info","message":"Database connection established successfully","service":"ppm-server","timestamp":"2025-10-05 18:49:42"}
{"apiDocs":"http://localhost:3002/api/docs","environment":"development","healthCheck":"http://localhost:3002/api/health","level":"info","message":"Server running successfully","port":"3002","service":"ppm-server","timestamp":"2025-10-05 18:49:42"}
{"environment":"development","level":"info","message":"Server starting up","port":"3002","service":"ppm-server","timestamp":"2025-10-06 09:24:47"}
{"level":"info","message":"Database connection established successfully","service":"ppm-server","timestamp":"2025-10-06 09:24:47"}
{"environment":"development","level":"info","message":"Server starting up","port":"3002","service":"ppm-server","timestamp":"2025-10-14 19:52:26"}
{"level":"info","message":"Database connection established successfully","service":"ppm-server","timestamp":"2025-10-14 19:52:26"}
{"apiDocs":"http://localhost:3002/api/docs","environment":"development","healthCheck":"http://localhost:3002/api/health","level":"info","message":"Server running successfully","port":"3002","service":"ppm-server","timestamp":"2025-10-14 19:52:26"}
{"environment":"development","level":"info","message":"Server starting up","port":"3002","service":"ppm-server","timestamp":"2025-10-14 19:56:01"}
{"level":"info","message":"Database connection established successfully","service":"ppm-server","timestamp":"2025-10-14 19:56:01"}
{"apiDocs":"http://localhost:3002/api/docs","environment":"development","healthCheck":"http://localhost:3002/api/health","level":"info","message":"Server running successfully","port":"3002","service":"ppm-server","timestamp":"2025-10-14 19:56:01"}
{"environment":"development","level":"info","message":"Server starting up","port":"3002","service":"ppm-server","timestamp":"2025-10-14 20:01:33"}
{"level":"info","message":"Database connection established successfully","service":"ppm-server","timestamp":"2025-10-14 20:01:33"}
{"apiDocs":"http://localhost:3002/api/docs","environment":"development","healthCheck":"http://localhost:3002/api/health","level":"info","message":"Server running successfully","port":"3002","service":"ppm-server","timestamp":"2025-10-14 20:01:33"}
{"level":"info","message":"GET /api/docs 200 4.679 ms - 585","service":"ppm-server","timestamp":"2025-10-14 20:02:38"}
{"ip":"::1","level":"warn","message":"Route not found","method":"GET","service":"ppm-server","timestamp":"2025-10-14 20:02:39","url":"/favicon.ico","userAgent":"Mozilla/5.0 (Macintosh; Intel Mac OS X 10_15_7) AppleWebKit/537.36 (KHTML, like Gecko) Chrome/141.0.0.0 Safari/537.36"}
{"level":"info","message":"GET /favicon.ico 404 0.836 ms - 199","service":"ppm-server","timestamp":"2025-10-14 20:02:39"}
{"level":"info","message":"GET /api/health 200 1.012 ms - 129","service":"ppm-server","timestamp":"2025-10-14 20:02:55"}
{"environment":"development","level":"info","message":"Server starting up","port":"3002","service":"ppm-server","timestamp":"2025-10-14 20:03:17"}
{"level":"info","message":"Database connection established successfully","service":"ppm-server","timestamp":"2025-10-14 20:03:17"}
{"apiDocs":"http://localhost:3002/api/docs","environment":"development","healthCheck":"http://localhost:3002/api/health","level":"info","message":"Server running successfully","port":"3002","service":"ppm-server","timestamp":"2025-10-14 20:03:17"}
{"environment":"development","level":"info","message":"Server starting up","port":"3002","service":"ppm-server","timestamp":"2025-10-14 20:03:49"}
{"level":"info","message":"Database connection established successfully","service":"ppm-server","timestamp":"2025-10-14 20:03:49"}
{"apiDocs":"http://localhost:3002/api/docs","environment":"development","healthCheck":"http://localhost:3002/api/health","level":"info","message":"Server running successfully","port":"3002","service":"ppm-server","timestamp":"2025-10-14 20:03:49"}
{"environment":"development","level":"info","message":"Server starting up","port":"3002","service":"ppm-server","timestamp":"2025-10-14 20:06:08"}
{"level":"info","message":"Database connection established successfully","service":"ppm-server","timestamp":"2025-10-14 20:06:08"}
{"apiDocs":"http://localhost:3002/api/docs","environment":"development","healthCheck":"http://localhost:3002/api/health","level":"info","message":"Server running successfully","port":"3002","service":"ppm-server","timestamp":"2025-10-14 20:06:08"}
{"environment":"development","level":"info","message":"Server starting up","port":"3002","service":"ppm-server","timestamp":"2025-10-14 20:07:12"}
{"level":"info","message":"Database connection established successfully","service":"ppm-server","timestamp":"2025-10-14 20:07:12"}
{"apiDocs":"http://localhost:3002/api/docs","environment":"development","healthCheck":"http://localhost:3002/api/health","level":"info","message":"Server running successfully","port":"3002","service":"ppm-server","timestamp":"2025-10-14 20:07:12"}
{"environment":"development","level":"info","message":"Server starting up","port":"3002","service":"ppm-server","timestamp":"2025-10-14 20:08:13"}
{"level":"info","message":"Database connection established successfully","service":"ppm-server","timestamp":"2025-10-14 20:08:13"}
{"apiDocs":"http://localhost:3002/api/docs","environment":"development","healthCheck":"http://localhost:3002/api/health","level":"info","message":"Server running successfully","port":"3002","service":"ppm-server","timestamp":"2025-10-14 20:08:13"}
{"environment":"development","level":"info","message":"Server starting up","port":"3002","service":"ppm-server","timestamp":"2025-10-14 20:08:31"}
{"level":"info","message":"Database connection established successfully","service":"ppm-server","timestamp":"2025-10-14 20:08:31"}
{"apiDocs":"http://localhost:3002/api/docs","environment":"development","healthCheck":"http://localhost:3002/api/health","level":"info","message":"Server running successfully","port":"3002","service":"ppm-server","timestamp":"2025-10-14 20:08:31"}
{"level":"info","message":"GET /api/docs 304 0.818 ms - -","service":"ppm-server","timestamp":"2025-10-14 20:08:35"}
{"level":"info","message":"GET /api/docs 304 4.650 ms - -","service":"ppm-server","timestamp":"2025-10-14 20:12:15"}
{"environment":"development","level":"info","message":"Server starting up","port":"3002","service":"ppm-server","timestamp":"2025-10-14 20:13:51"}
{"level":"info","message":"Database connection established successfully","service":"ppm-server","timestamp":"2025-10-14 20:13:51"}
{"apiDocs":"http://localhost:3002/api/docs","environment":"development","healthCheck":"http://localhost:3002/api/health","level":"info","message":"Server running successfully","port":"3002","service":"ppm-server","timestamp":"2025-10-14 20:13:51"}
{"environment":"development","level":"info","message":"Server starting up","port":"3002","service":"ppm-server","timestamp":"2025-10-14 20:14:53"}
{"level":"info","message":"Database connection established successfully","service":"ppm-server","timestamp":"2025-10-14 20:14:53"}
{"apiDocs":"http://localhost:3002/api/docs","environment":"development","healthCheck":"http://localhost:3002/api/health","level":"info","message":"Server running successfully","port":"3002","service":"ppm-server","timestamp":"2025-10-14 20:14:53"}
{"environment":"development","level":"info","message":"Server starting up","port":"3002","service":"ppm-server","timestamp":"2025-10-14 20:15:00"}
{"level":"info","message":"Database connection established successfully","service":"ppm-server","timestamp":"2025-10-14 20:15:00"}
{"apiDocs":"http://localhost:3002/api/docs","environment":"development","healthCheck":"http://localhost:3002/api/health","level":"info","message":"Server running successfully","port":"3002","service":"ppm-server","timestamp":"2025-10-14 20:15:00"}
{"environment":"development","level":"info","message":"Server starting up","port":"3002","service":"ppm-server","timestamp":"2025-10-14 20:15:16"}
{"level":"info","message":"Database connection established successfully","service":"ppm-server","timestamp":"2025-10-14 20:15:16"}
{"apiDocs":"http://localhost:3002/api/docs","environment":"development","healthCheck":"http://localhost:3002/api/health","level":"info","message":"Server running successfully","port":"3002","service":"ppm-server","timestamp":"2025-10-14 20:15:16"}
{"environment":"development","level":"info","message":"Server starting up","port":"3002","service":"ppm-server","timestamp":"2025-10-14 20:15:38"}
{"level":"info","message":"Database connection established successfully","service":"ppm-server","timestamp":"2025-10-14 20:15:38"}
{"apiDocs":"http://localhost:3002/api/docs","environment":"development","healthCheck":"http://localhost:3002/api/health","level":"info","message":"Server running successfully","port":"3002","service":"ppm-server","timestamp":"2025-10-14 20:15:38"}
{"environment":"development","level":"info","message":"Server starting up","port":"3002","service":"ppm-server","timestamp":"2025-10-14 20:15:56"}
{"level":"info","message":"Database connection established successfully","service":"ppm-server","timestamp":"2025-10-14 20:15:56"}
{"apiDocs":"http://localhost:3002/api/docs","environment":"development","healthCheck":"http://localhost:3002/api/health","level":"info","message":"Server running successfully","port":"3002","service":"ppm-server","timestamp":"2025-10-14 20:15:56"}
{"environment":"development","level":"info","message":"Server starting up","port":"3002","service":"ppm-server","timestamp":"2025-10-14 20:16:15"}
{"level":"info","message":"Database connection established successfully","service":"ppm-server","timestamp":"2025-10-14 20:16:15"}
{"apiDocs":"http://localhost:3002/api/docs","environment":"development","healthCheck":"http://localhost:3002/api/health","level":"info","message":"Server running successfully","port":"3002","service":"ppm-server","timestamp":"2025-10-14 20:16:15"}
{"environment":"development","level":"info","message":"Server starting up","port":"3002","service":"ppm-server","timestamp":"2025-10-14 20:17:08"}
{"level":"info","message":"Database connection established successfully","service":"ppm-server","timestamp":"2025-10-14 20:17:08"}
{"apiDocs":"http://localhost:3002/api/docs","environment":"development","healthCheck":"http://localhost:3002/api/health","level":"info","message":"Server running successfully","port":"3002","service":"ppm-server","timestamp":"2025-10-14 20:17:08"}
{"level":"info","message":"GET /api/docs 301 2.095 ms - 158","service":"ppm-server","timestamp":"2025-10-14 20:17:13"}
{"level":"info","message":"GET /api/docs/ 200 2.076 ms - -","service":"ppm-server","timestamp":"2025-10-14 20:17:13"}
{"level":"info","message":"GET /api/docs/swagger-ui-init.js 200 0.153 ms - -","service":"ppm-server","timestamp":"2025-10-14 20:17:13"}
{"level":"info","message":"GET /api/docs/swagger-ui.css 200 4.622 ms - -","service":"ppm-server","timestamp":"2025-10-14 20:17:13"}
{"level":"info","message":"GET /api/docs/swagger-ui-standalone-preset.js 200 3.278 ms - -","service":"ppm-server","timestamp":"2025-10-14 20:17:13"}
{"level":"info","message":"GET /api/docs/swagger-ui-bundle.js 200 2.906 ms - -","service":"ppm-server","timestamp":"2025-10-14 20:17:13"}
{"environment":"development","level":"info","message":"Server starting up","port":"3002","service":"ppm-server","timestamp":"2025-10-14 20:18:31"}
{"level":"info","message":"Database connection established successfully","service":"ppm-server","timestamp":"2025-10-14 20:18:31"}
{"apiDocs":"http://localhost:3002/api/docs","environment":"development","healthCheck":"http://localhost:3002/api/health","level":"info","message":"Server running successfully","port":"3002","service":"ppm-server","timestamp":"2025-10-14 20:18:31"}
{"environment":"development","level":"info","message":"Server starting up","port":"3002","service":"ppm-server","timestamp":"2025-10-14 20:18:47"}
{"level":"info","message":"Database connection established successfully","service":"ppm-server","timestamp":"2025-10-14 20:18:47"}
{"apiDocs":"http://localhost:3002/api/docs","environment":"development","healthCheck":"http://localhost:3002/api/health","level":"info","message":"Server running successfully","port":"3002","service":"ppm-server","timestamp":"2025-10-14 20:18:47"}
{"environment":"development","level":"info","message":"Server starting up","port":"3002","service":"ppm-server","timestamp":"2025-10-14 20:19:05"}
{"level":"info","message":"Database connection established successfully","service":"ppm-server","timestamp":"2025-10-14 20:19:05"}
{"apiDocs":"http://localhost:3002/api/docs","environment":"development","healthCheck":"http://localhost:3002/api/health","level":"info","message":"Server running successfully","port":"3002","service":"ppm-server","timestamp":"2025-10-14 20:19:05"}
{"environment":"development","level":"info","message":"Server starting up","port":"3002","service":"ppm-server","timestamp":"2025-10-14 20:19:15"}
{"level":"info","message":"Database connection established successfully","service":"ppm-server","timestamp":"2025-10-14 20:19:15"}
{"apiDocs":"http://localhost:3002/api/docs","environment":"development","healthCheck":"http://localhost:3002/api/health","level":"info","message":"Server running successfully","port":"3002","service":"ppm-server","timestamp":"2025-10-14 20:19:15"}
{"environment":"development","level":"info","message":"Server starting up","port":"3002","service":"ppm-server","timestamp":"2025-10-14 20:20:00"}
{"level":"info","message":"Database connection established successfully","service":"ppm-server","timestamp":"2025-10-14 20:20:00"}
{"apiDocs":"http://localhost:3002/api/docs","environment":"development","healthCheck":"http://localhost:3002/api/health","level":"info","message":"Server running successfully","port":"3002","service":"ppm-server","timestamp":"2025-10-14 20:20:00"}
{"environment":"development","level":"info","message":"Server starting up","port":"3002","service":"ppm-server","timestamp":"2025-10-14 20:20:53"}
{"level":"info","message":"Database connection established successfully","service":"ppm-server","timestamp":"2025-10-14 20:20:53"}
{"apiDocs":"http://localhost:3002/api/docs","environment":"development","healthCheck":"http://localhost:3002/api/health","level":"info","message":"Server running successfully","port":"3002","service":"ppm-server","timestamp":"2025-10-14 20:20:53"}
{"environment":"development","level":"info","message":"Server starting up","port":"3002","service":"ppm-server","timestamp":"2025-10-14 20:21:12"}
{"level":"info","message":"Database connection established successfully","service":"ppm-server","timestamp":"2025-10-14 20:21:12"}
{"apiDocs":"http://localhost:3002/api/docs","environment":"development","healthCheck":"http://localhost:3002/api/health","level":"info","message":"Server running successfully","port":"3002","service":"ppm-server","timestamp":"2025-10-14 20:21:12"}
{"environment":"development","level":"info","message":"Server starting up","port":"3002","service":"ppm-server","timestamp":"2025-10-14 20:21:33"}
{"level":"info","message":"Database connection established successfully","service":"ppm-server","timestamp":"2025-10-14 20:21:33"}
{"apiDocs":"http://localhost:3002/api/docs","environment":"development","healthCheck":"http://localhost:3002/api/health","level":"info","message":"Server running successfully","port":"3002","service":"ppm-server","timestamp":"2025-10-14 20:21:33"}
{"environment":"development","level":"info","message":"Server starting up","port":"3002","service":"ppm-server","timestamp":"2025-10-14 20:21:52"}
{"level":"info","message":"Database connection established successfully","service":"ppm-server","timestamp":"2025-10-14 20:21:52"}
{"apiDocs":"http://localhost:3002/api/docs","environment":"development","healthCheck":"http://localhost:3002/api/health","level":"info","message":"Server running successfully","port":"3002","service":"ppm-server","timestamp":"2025-10-14 20:21:52"}
{"level":"info","message":"GET /api/docs/ 304 3.262 ms - -","service":"ppm-server","timestamp":"2025-10-14 20:21:56"}
{"level":"info","message":"GET /api/docs/swagger-ui.css 304 2.065 ms - -","service":"ppm-server","timestamp":"2025-10-14 20:21:56"}
{"level":"info","message":"GET /api/docs/swagger-ui-bundle.js 304 2.067 ms - -","service":"ppm-server","timestamp":"2025-10-14 20:21:56"}
{"level":"info","message":"GET /api/docs/swagger-ui-standalone-preset.js 304 0.300 ms - -","service":"ppm-server","timestamp":"2025-10-14 20:21:56"}
{"level":"info","message":"GET /api/docs/swagger-ui-init.js 200 0.199 ms - -","service":"ppm-server","timestamp":"2025-10-14 20:21:56"}
